I : 1
like : 1
programme : 1
this : 1
like : 1
programme : 1
I : 1
this : 1
this : 1
like : 1
This : 1
I : 1
is : 1
programme : 1
great : 1
great : 1
this : 1
This : 1
programme : 1
is : 1
I : 1
like : 1
is : 1
programme : 1
I : 1
great : 1
this : 1
like : 1
This : 1
is : 1
This : 1
great : 1
is : 2
great : 1
I : 1
going : 1
know : 1
on : 1
what : 1
This : 1
want : 1
on : 1
know : 1
what : 1
want : 1
is : 1
I : 1
going : 1
going : 1
know : 1
on : 1
what : 1
want : 1
I : 1
is : 1
is : 1
want : 1
on : 1
I : 1
what : 1
know : 1
going : 1
want : 1
what : 1
know : 1
I : 1
on : 1
is : 1
going : 1
