2017-05-09 08:49:32,035 WARN  org.apache.hadoop.util.NativeCodeLoader                       - Unable to load native-hadoop library for your platform... using builtin-java classes where applicable
2017-05-09 08:49:32,101 INFO  org.apache.flink.runtime.jobmanager.JobManager                - --------------------------------------------------------------------------------
2017-05-09 08:49:32,102 INFO  org.apache.flink.runtime.jobmanager.JobManager                -  Starting JobManager (Version: 1.2.1, Rev:76eba4e, Date:11.04.2017 @ 00:26:53 UTC)
2017-05-09 08:49:32,102 INFO  org.apache.flink.runtime.jobmanager.JobManager                -  Current user: vibhatha
2017-05-09 08:49:32,102 INFO  org.apache.flink.runtime.jobmanager.JobManager                -  JVM: Java HotSpot(TM) 64-Bit Server VM - Oracle Corporation - 1.8/25.121-b13
2017-05-09 08:49:32,102 INFO  org.apache.flink.runtime.jobmanager.JobManager                -  Maximum heap size: 736 MiBytes
2017-05-09 08:49:32,102 INFO  org.apache.flink.runtime.jobmanager.JobManager                -  JAVA_HOME: /usr/lib/jvm/java-8-oracle
2017-05-09 08:49:32,104 INFO  org.apache.flink.runtime.jobmanager.JobManager                -  Hadoop version: 2.7.2
2017-05-09 08:49:32,104 INFO  org.apache.flink.runtime.jobmanager.JobManager                -  JVM Options:
2017-05-09 08:49:32,104 INFO  org.apache.flink.runtime.jobmanager.JobManager                -     -Xms768m
2017-05-09 08:49:32,104 INFO  org.apache.flink.runtime.jobmanager.JobManager                -     -Xmx768m
2017-05-09 08:49:32,104 INFO  org.apache.flink.runtime.jobmanager.JobManager                -     -Dlog.file=/home/vibhatha/ds/flink/flink-1.2.1/log/flink-vibhatha-jobmanager-0-vibhatha-ThinkPad-P50.log
2017-05-09 08:49:32,104 INFO  org.apache.flink.runtime.jobmanager.JobManager                -     -Dlog4j.configuration=file:/home/vibhatha/ds/flink/flink-1.2.1/conf/log4j.properties
2017-05-09 08:49:32,104 INFO  org.apache.flink.runtime.jobmanager.JobManager                -     -Dlogback.configurationFile=file:/home/vibhatha/ds/flink/flink-1.2.1/conf/logback.xml
2017-05-09 08:49:32,104 INFO  org.apache.flink.runtime.jobmanager.JobManager                -  Program Arguments:
2017-05-09 08:49:32,104 INFO  org.apache.flink.runtime.jobmanager.JobManager                -     --configDir
2017-05-09 08:49:32,104 INFO  org.apache.flink.runtime.jobmanager.JobManager                -     /home/vibhatha/ds/flink/flink-1.2.1/conf
2017-05-09 08:49:32,104 INFO  org.apache.flink.runtime.jobmanager.JobManager                -     --executionMode
2017-05-09 08:49:32,104 INFO  org.apache.flink.runtime.jobmanager.JobManager                -     local
2017-05-09 08:49:32,104 INFO  org.apache.flink.runtime.jobmanager.JobManager                -  Classpath: /home/vibhatha/ds/flink/flink-1.2.1/lib/flink-dist_2.10-1.2.1.jar:/home/vibhatha/ds/flink/flink-1.2.1/lib/flink-python_2.10-1.2.1.jar:/home/vibhatha/ds/flink/flink-1.2.1/lib/slf4j-log4j12-1.7.7.jar:/home/vibhatha/ds/flink/flink-1.2.1/lib/log4j-1.2.17.jar:::
2017-05-09 08:49:32,105 INFO  org.apache.flink.runtime.jobmanager.JobManager                - --------------------------------------------------------------------------------
2017-05-09 08:49:32,105 INFO  org.apache.flink.runtime.jobmanager.JobManager                - Registered UNIX signal handlers for [TERM, HUP, INT]
2017-05-09 08:49:32,229 INFO  org.apache.flink.runtime.jobmanager.JobManager                - Loading configuration from /home/vibhatha/ds/flink/flink-1.2.1/conf
2017-05-09 08:49:32,231 INFO  org.apache.flink.configuration.GlobalConfiguration            - Loading configuration property: jobmanager.rpc.address, localhost
2017-05-09 08:49:32,231 INFO  org.apache.flink.configuration.GlobalConfiguration            - Loading configuration property: jobmanager.rpc.port, 6123
2017-05-09 08:49:32,232 INFO  org.apache.flink.configuration.GlobalConfiguration            - Loading configuration property: jobmanager.heap.mb, 256
2017-05-09 08:49:32,232 INFO  org.apache.flink.configuration.GlobalConfiguration            - Loading configuration property: taskmanager.heap.mb, 512
2017-05-09 08:49:32,232 INFO  org.apache.flink.configuration.GlobalConfiguration            - Loading configuration property: taskmanager.numberOfTaskSlots, 1
2017-05-09 08:49:32,232 INFO  org.apache.flink.configuration.GlobalConfiguration            - Loading configuration property: taskmanager.memory.preallocate, false
2017-05-09 08:49:32,232 INFO  org.apache.flink.configuration.GlobalConfiguration            - Loading configuration property: parallelism.default, 1
2017-05-09 08:49:32,232 INFO  org.apache.flink.configuration.GlobalConfiguration            - Loading configuration property: jobmanager.web.port, 8081
2017-05-09 08:49:32,239 INFO  org.apache.flink.runtime.jobmanager.JobManager                - Starting JobManager without high-availability
2017-05-09 08:49:32,241 INFO  org.apache.flink.runtime.jobmanager.JobManager                - Starting JobManager on localhost:6123 with execution mode LOCAL
2017-05-09 08:49:32,251 INFO  org.apache.flink.configuration.GlobalConfiguration            - Loading configuration property: jobmanager.rpc.address, localhost
2017-05-09 08:49:32,251 INFO  org.apache.flink.configuration.GlobalConfiguration            - Loading configuration property: jobmanager.rpc.port, 6123
2017-05-09 08:49:32,251 INFO  org.apache.flink.configuration.GlobalConfiguration            - Loading configuration property: jobmanager.heap.mb, 256
2017-05-09 08:49:32,251 INFO  org.apache.flink.configuration.GlobalConfiguration            - Loading configuration property: taskmanager.heap.mb, 512
2017-05-09 08:49:32,251 INFO  org.apache.flink.configuration.GlobalConfiguration            - Loading configuration property: taskmanager.numberOfTaskSlots, 1
2017-05-09 08:49:32,251 INFO  org.apache.flink.configuration.GlobalConfiguration            - Loading configuration property: taskmanager.memory.preallocate, false
2017-05-09 08:49:32,251 INFO  org.apache.flink.configuration.GlobalConfiguration            - Loading configuration property: parallelism.default, 1
2017-05-09 08:49:32,251 INFO  org.apache.flink.configuration.GlobalConfiguration            - Loading configuration property: jobmanager.web.port, 8081
2017-05-09 08:49:32,271 INFO  org.apache.flink.runtime.security.modules.HadoopModule        - Hadoop user set to vibhatha (auth:SIMPLE)
2017-05-09 08:49:32,340 INFO  org.apache.flink.runtime.jobmanager.JobManager                - Starting JobManager actor system reachable at localhost:6123
2017-05-09 08:49:32,578 INFO  akka.event.slf4j.Slf4jLogger                                  - Slf4jLogger started
2017-05-09 08:49:32,611 INFO  Remoting                                                      - Starting remoting
2017-05-09 08:49:32,761 INFO  Remoting                                                      - Remoting started; listening on addresses :[akka.tcp://flink@localhost:6123]
2017-05-09 08:49:32,765 INFO  org.apache.flink.runtime.jobmanager.JobManager                - Starting JobManager web frontend
2017-05-09 08:49:32,784 INFO  org.apache.flink.runtime.webmonitor.WebMonitorUtils           - Determined location of JobManager log file: /home/vibhatha/ds/flink/flink-1.2.1/log/flink-vibhatha-jobmanager-0-vibhatha-ThinkPad-P50.log
2017-05-09 08:49:32,784 INFO  org.apache.flink.runtime.webmonitor.WebMonitorUtils           - Determined location of JobManager stdout file: /home/vibhatha/ds/flink/flink-1.2.1/log/flink-vibhatha-jobmanager-0-vibhatha-ThinkPad-P50.out
2017-05-09 08:49:32,784 INFO  org.apache.flink.runtime.webmonitor.WebRuntimeMonitor         - Using directory /tmp/flink-web-648527cf-c06e-4972-994f-c1f41c981c03 for the web interface files
2017-05-09 08:49:32,785 INFO  org.apache.flink.runtime.webmonitor.WebRuntimeMonitor         - Using directory /tmp/flink-web-ada38589-d8f3-4a4f-9efb-3bb0e5e4f101 for web frontend JAR file uploads
2017-05-09 08:49:32,984 INFO  org.apache.flink.runtime.webmonitor.WebRuntimeMonitor         - Web frontend listening at 0:0:0:0:0:0:0:0:8081
2017-05-09 08:49:32,985 INFO  org.apache.flink.runtime.jobmanager.JobManager                - Starting JobManager actor
2017-05-09 08:49:32,990 INFO  org.apache.flink.runtime.blob.BlobServer                      - Created BLOB server storage directory /tmp/blobStore-edc17c92-b89c-40c2-8060-a0201b923cdc
2017-05-09 08:49:32,991 INFO  org.apache.flink.runtime.blob.BlobServer                      - Started BLOB server at 0.0.0.0:37442 - max concurrent requests: 50 - max backlog: 1000
2017-05-09 08:49:33,004 INFO  org.apache.flink.runtime.metrics.MetricRegistry               - No metrics reporter configured, no metrics will be exposed/reported.
2017-05-09 08:49:33,011 INFO  org.apache.flink.runtime.jobmanager.MemoryArchivist           - Started memory archivist akka://flink/user/archive
2017-05-09 08:49:33,011 INFO  org.apache.flink.runtime.jobmanager.JobManager                - Starting embedded TaskManager for JobManager's LOCAL execution mode
2017-05-09 08:49:33,011 INFO  org.apache.flink.runtime.jobmanager.JobManager                - Starting JobManager at akka.tcp://flink@localhost:6123/user/jobmanager.
2017-05-09 08:49:33,020 INFO  org.apache.flink.runtime.taskmanager.TaskManager              - Messages between TaskManager and JobManager have a max timeout of 10000 milliseconds
2017-05-09 08:49:33,023 INFO  org.apache.flink.runtime.taskmanager.TaskManager              - Temporary file directory '/tmp': total 221 GB, usable 106 GB (47.96% usable)
2017-05-09 08:49:33,033 INFO  org.apache.flink.runtime.jobmanager.JobManager                - JobManager akka.tcp://flink@localhost:6123/user/jobmanager was granted leadership with leader session ID None.
2017-05-09 08:49:33,036 INFO  org.apache.flink.runtime.io.network.buffer.NetworkBufferPool  - Allocated 64 MB for network buffer pool (number of memory segments: 2048, bytes per segment: 32768).
2017-05-09 08:49:33,065 INFO  org.apache.flink.runtime.io.network.NetworkEnvironment        - Starting the network environment and its components.
2017-05-09 08:49:33,138 INFO  org.apache.flink.runtime.taskmanager.TaskManager              - Limiting managed memory to 0.7 of the currently free heap space (461 MB), memory will be allocated lazily.
2017-05-09 08:49:33,143 INFO  org.apache.flink.runtime.io.disk.iomanager.IOManager          - I/O manager uses directory /tmp/flink-io-a48310d5-97f3-4def-82d4-4c616ecd485e for spill files.
2017-05-09 08:49:33,147 INFO  org.apache.flink.runtime.metrics.MetricRegistry               - No metrics reporter configured, no metrics will be exposed/reported.
2017-05-09 08:49:33,149 INFO  org.apache.flink.runtime.webmonitor.WebRuntimeMonitor         - Starting with JobManager akka.tcp://flink@localhost:6123/user/jobmanager on port 8081
2017-05-09 08:49:33,150 INFO  org.apache.flink.runtime.webmonitor.JobManagerRetriever       - New leader reachable under akka.tcp://flink@localhost:6123/user/jobmanager:null.
2017-05-09 08:49:33,151 INFO  org.apache.flink.runtime.filecache.FileCache                  - User file cache uses directory /tmp/flink-dist-cache-83f523cd-dd23-45c3-afe3-274bb7e86793
2017-05-09 08:49:33,158 INFO  org.apache.flink.runtime.taskmanager.TaskManager              - Starting TaskManager actor at akka://flink/user/taskmanager#897124064.
2017-05-09 08:49:33,160 INFO  org.apache.flink.runtime.taskmanager.TaskManager              - TaskManager data connection information: ResourceID{resourceId='b9acbdbe5be95a15b470b5179ea1820f'} @ localhost (dataPort=-1)
2017-05-09 08:49:33,161 INFO  org.apache.flink.runtime.taskmanager.TaskManager              - TaskManager has 1 task slot(s).
2017-05-09 08:49:33,163 INFO  org.apache.flink.runtime.clusterframework.standalone.StandaloneResourceManager  - Trying to associate with JobManager leader akka.tcp://flink@localhost:6123/user/jobmanager
2017-05-09 08:49:33,163 INFO  org.apache.flink.runtime.taskmanager.TaskManager              - Memory usage stats: [HEAP: 85/736/736 MB, NON HEAP: 35/36/-1 MB (used/committed/max)]
2017-05-09 08:49:33,168 INFO  org.apache.flink.runtime.taskmanager.TaskManager              - Trying to register at JobManager akka.tcp://flink@localhost:6123/user/jobmanager (attempt 1, timeout: 500 milliseconds)
2017-05-09 08:49:33,177 INFO  org.apache.flink.runtime.clusterframework.standalone.StandaloneResourceManager  - Resource Manager associating with leading JobManager Actor[akka://flink/user/jobmanager#-165365286] - leader session null
2017-05-09 08:49:33,178 INFO  org.apache.flink.runtime.clusterframework.standalone.StandaloneResourceManager  - TaskManager ResourceID{resourceId='b9acbdbe5be95a15b470b5179ea1820f'} has started.
2017-05-09 08:49:33,181 INFO  org.apache.flink.runtime.instance.InstanceManager             - Registered TaskManager at localhost (akka://flink/user/taskmanager) as e7d79ed6573260cc2adecaf794ed2c59. Current number of registered hosts is 1. Current number of alive task slots is 1.
2017-05-09 08:49:33,183 INFO  org.apache.flink.runtime.taskmanager.TaskManager              - Successful registration at JobManager (akka://flink/user/jobmanager), starting network stack and library cache.
2017-05-09 08:49:33,185 INFO  org.apache.flink.runtime.taskmanager.TaskManager              - Determined BLOB server address to be localhost/127.0.0.1:37442. Starting BLOB cache.
2017-05-09 08:49:33,187 INFO  org.apache.flink.runtime.blob.BlobCache                       - Created BLOB cache storage directory /tmp/blobStore-d39c5a9b-4f9a-46c6-9522-334ac7b03e5a
2017-05-09 10:18:07,684 INFO  org.apache.flink.runtime.blob.BlobClient                      - Blob client connecting to akka://flink/user/jobmanager
2017-05-09 10:18:07,695 INFO  org.apache.flink.runtime.client.JobClient                     - Checking and uploading JAR files
2017-05-09 10:18:07,695 INFO  org.apache.flink.runtime.blob.BlobClient                      - Blob client connecting to akka://flink/user/jobmanager
2017-05-09 10:18:07,698 INFO  org.apache.flink.runtime.jobmanager.JobManager                - Submitting job 829fe8b4008b3886fdbaddec7e55af10 (Socket Window WordCount).
2017-05-09 10:18:07,705 INFO  org.apache.flink.runtime.jobmanager.JobManager                - Using restart strategy NoRestartStrategy for 829fe8b4008b3886fdbaddec7e55af10.
2017-05-09 10:18:07,725 INFO  org.apache.flink.runtime.jobmanager.JobManager                - Running initialization on master for job Socket Window WordCount (829fe8b4008b3886fdbaddec7e55af10).
2017-05-09 10:18:07,725 INFO  org.apache.flink.runtime.jobmanager.JobManager                - Successfully ran initialization on master in 0 ms.
2017-05-09 10:18:07,742 INFO  org.apache.flink.runtime.jobmanager.JobManager                - Scheduling job 829fe8b4008b3886fdbaddec7e55af10 (Socket Window WordCount).
2017-05-09 10:18:07,742 INFO  org.apache.flink.runtime.executiongraph.ExecutionGraph        - Job Socket Window WordCount (829fe8b4008b3886fdbaddec7e55af10) switched from state CREATED to RUNNING.
2017-05-09 10:18:07,742 INFO  org.apache.flink.runtime.executiongraph.ExecutionGraph        - Source: Socket Stream -> Flat Map (1/1) (d05f058423bb57e96de2767070fe53b6) switched from CREATED to SCHEDULED.
2017-05-09 10:18:07,748 INFO  org.apache.flink.runtime.executiongraph.ExecutionGraph        - Source: Socket Stream -> Flat Map (1/1) (d05f058423bb57e96de2767070fe53b6) switched from SCHEDULED to DEPLOYING.
2017-05-09 10:18:07,749 INFO  org.apache.flink.runtime.executiongraph.ExecutionGraph        - Deploying Source: Socket Stream -> Flat Map (1/1) (attempt #0) to localhost
2017-05-09 10:18:07,752 INFO  org.apache.flink.runtime.executiongraph.ExecutionGraph        - TriggerWindow(SlidingProcessingTimeWindows(5000, 1000), ReducingStateDescriptor{serializer=org.apache.flink.api.java.typeutils.runtime.PojoSerializer@19a34d11, reduceFunction=SocketWindowWordCount$1@62eb80c3}, ProcessingTimeTrigger(), WindowedStream.reduce(WindowedStream.java:276)) -> Sink: Unnamed (1/1) (d84073ce40463edd5948b9a2d81769e5) switched from CREATED to SCHEDULED.
2017-05-09 10:18:07,753 INFO  org.apache.flink.runtime.executiongraph.ExecutionGraph        - TriggerWindow(SlidingProcessingTimeWindows(5000, 1000), ReducingStateDescriptor{serializer=org.apache.flink.api.java.typeutils.runtime.PojoSerializer@19a34d11, reduceFunction=SocketWindowWordCount$1@62eb80c3}, ProcessingTimeTrigger(), WindowedStream.reduce(WindowedStream.java:276)) -> Sink: Unnamed (1/1) (d84073ce40463edd5948b9a2d81769e5) switched from SCHEDULED to DEPLOYING.
2017-05-09 10:18:07,753 INFO  org.apache.flink.runtime.executiongraph.ExecutionGraph        - Deploying TriggerWindow(SlidingProcessingTimeWindows(5000, 1000), ReducingStateDescriptor{serializer=org.apache.flink.api.java.typeutils.runtime.PojoSerializer@19a34d11, reduceFunction=SocketWindowWordCount$1@62eb80c3}, ProcessingTimeTrigger(), WindowedStream.reduce(WindowedStream.java:276)) -> Sink: Unnamed (1/1) (attempt #0) to localhost
2017-05-09 10:18:07,772 INFO  org.apache.flink.runtime.taskmanager.TaskManager              - Received task Source: Socket Stream -> Flat Map (1/1)
2017-05-09 10:18:07,773 INFO  org.apache.flink.runtime.taskmanager.Task                     - Source: Socket Stream -> Flat Map (1/1) (d05f058423bb57e96de2767070fe53b6) switched from CREATED to DEPLOYING.
2017-05-09 10:18:07,773 INFO  org.apache.flink.runtime.taskmanager.Task                     - Creating FileSystem stream leak safety net for task Source: Socket Stream -> Flat Map (1/1) (d05f058423bb57e96de2767070fe53b6) [DEPLOYING]
2017-05-09 10:18:07,776 INFO  org.apache.flink.runtime.taskmanager.Task                     - Loading JAR files for task Source: Socket Stream -> Flat Map (1/1) (d05f058423bb57e96de2767070fe53b6) [DEPLOYING].
2017-05-09 10:18:07,776 INFO  org.apache.flink.runtime.blob.BlobCache                       - Downloading 0e2eaa493118df96e3694314b2b937f3e9c90f90 from localhost/127.0.0.1:37442
2017-05-09 10:18:07,779 INFO  org.apache.flink.runtime.taskmanager.TaskManager              - Received task TriggerWindow(SlidingProcessingTimeWindows(5000, 1000), ReducingStateDescriptor{serializer=org.apache.flink.api.java.typeutils.runtime.PojoSerializer@19a34d11, reduceFunction=SocketWindowWordCount$1@62eb80c3}, ProcessingTimeTrigger(), WindowedStream.reduce(WindowedStream.java:276)) -> Sink: Unnamed (1/1)
2017-05-09 10:18:07,782 INFO  org.apache.flink.runtime.taskmanager.Task                     - TriggerWindow(SlidingProcessingTimeWindows(5000, 1000), ReducingStateDescriptor{serializer=org.apache.flink.api.java.typeutils.runtime.PojoSerializer@19a34d11, reduceFunction=SocketWindowWordCount$1@62eb80c3}, ProcessingTimeTrigger(), WindowedStream.reduce(WindowedStream.java:276)) -> Sink: Unnamed (1/1) (d84073ce40463edd5948b9a2d81769e5) switched from CREATED to DEPLOYING.
2017-05-09 10:18:07,783 INFO  org.apache.flink.runtime.taskmanager.Task                     - Creating FileSystem stream leak safety net for task TriggerWindow(SlidingProcessingTimeWindows(5000, 1000), ReducingStateDescriptor{serializer=org.apache.flink.api.java.typeutils.runtime.PojoSerializer@19a34d11, reduceFunction=SocketWindowWordCount$1@62eb80c3}, ProcessingTimeTrigger(), WindowedStream.reduce(WindowedStream.java:276)) -> Sink: Unnamed (1/1) (d84073ce40463edd5948b9a2d81769e5) [DEPLOYING]
2017-05-09 10:18:07,784 INFO  org.apache.flink.runtime.taskmanager.Task                     - Loading JAR files for task TriggerWindow(SlidingProcessingTimeWindows(5000, 1000), ReducingStateDescriptor{serializer=org.apache.flink.api.java.typeutils.runtime.PojoSerializer@19a34d11, reduceFunction=SocketWindowWordCount$1@62eb80c3}, ProcessingTimeTrigger(), WindowedStream.reduce(WindowedStream.java:276)) -> Sink: Unnamed (1/1) (d84073ce40463edd5948b9a2d81769e5) [DEPLOYING].
2017-05-09 10:18:07,789 INFO  org.apache.flink.runtime.taskmanager.Task                     - Registering task at network: Source: Socket Stream -> Flat Map (1/1) (d05f058423bb57e96de2767070fe53b6) [DEPLOYING].
2017-05-09 10:18:07,789 INFO  org.apache.flink.runtime.taskmanager.Task                     - Registering task at network: TriggerWindow(SlidingProcessingTimeWindows(5000, 1000), ReducingStateDescriptor{serializer=org.apache.flink.api.java.typeutils.runtime.PojoSerializer@19a34d11, reduceFunction=SocketWindowWordCount$1@62eb80c3}, ProcessingTimeTrigger(), WindowedStream.reduce(WindowedStream.java:276)) -> Sink: Unnamed (1/1) (d84073ce40463edd5948b9a2d81769e5) [DEPLOYING].
2017-05-09 10:18:07,799 INFO  org.apache.flink.runtime.taskmanager.Task                     - Source: Socket Stream -> Flat Map (1/1) (d05f058423bb57e96de2767070fe53b6) switched from DEPLOYING to RUNNING.
2017-05-09 10:18:07,799 INFO  org.apache.flink.runtime.taskmanager.Task                     - TriggerWindow(SlidingProcessingTimeWindows(5000, 1000), ReducingStateDescriptor{serializer=org.apache.flink.api.java.typeutils.runtime.PojoSerializer@19a34d11, reduceFunction=SocketWindowWordCount$1@62eb80c3}, ProcessingTimeTrigger(), WindowedStream.reduce(WindowedStream.java:276)) -> Sink: Unnamed (1/1) (d84073ce40463edd5948b9a2d81769e5) switched from DEPLOYING to RUNNING.
2017-05-09 10:18:07,800 WARN  org.apache.flink.streaming.runtime.tasks.StreamTask           - No state backend has been specified, using default state backend (Memory / JobManager)
2017-05-09 10:18:07,800 WARN  org.apache.flink.streaming.runtime.tasks.StreamTask           - No state backend has been specified, using default state backend (Memory / JobManager)
2017-05-09 10:18:07,800 INFO  org.apache.flink.streaming.runtime.tasks.StreamTask           - State backend is set to heap memory (checkpoint to jobmanager)
2017-05-09 10:18:07,800 INFO  org.apache.flink.streaming.runtime.tasks.StreamTask           - State backend is set to heap memory (checkpoint to jobmanager)
2017-05-09 10:18:07,801 INFO  org.apache.flink.runtime.executiongraph.ExecutionGraph        - Source: Socket Stream -> Flat Map (1/1) (d05f058423bb57e96de2767070fe53b6) switched from DEPLOYING to RUNNING.
2017-05-09 10:18:07,801 INFO  org.apache.flink.runtime.executiongraph.ExecutionGraph        - TriggerWindow(SlidingProcessingTimeWindows(5000, 1000), ReducingStateDescriptor{serializer=org.apache.flink.api.java.typeutils.runtime.PojoSerializer@19a34d11, reduceFunction=SocketWindowWordCount$1@62eb80c3}, ProcessingTimeTrigger(), WindowedStream.reduce(WindowedStream.java:276)) -> Sink: Unnamed (1/1) (d84073ce40463edd5948b9a2d81769e5) switched from DEPLOYING to RUNNING.
2017-05-09 10:18:07,841 INFO  org.apache.flink.runtime.state.heap.HeapKeyedStateBackend     - Initializing heap keyed state backend with stream factory.
2017-05-09 10:18:07,842 INFO  org.apache.flink.streaming.api.functions.source.SocketTextStreamFunction  - Connecting to server socket localhost:9000
2017-05-09 10:20:17,470 INFO  org.apache.flink.runtime.jobmanager.JobManager                - Trying to cancel job with ID 829fe8b4008b3886fdbaddec7e55af10.
2017-05-09 10:20:17,472 INFO  org.apache.flink.runtime.executiongraph.ExecutionGraph        - Job Socket Window WordCount (829fe8b4008b3886fdbaddec7e55af10) switched from state RUNNING to CANCELLING.
2017-05-09 10:20:17,472 INFO  org.apache.flink.runtime.executiongraph.ExecutionGraph        - Source: Socket Stream -> Flat Map (1/1) (d05f058423bb57e96de2767070fe53b6) switched from RUNNING to CANCELING.
2017-05-09 10:20:17,476 INFO  org.apache.flink.runtime.taskmanager.Task                     - Attempting to cancel task Source: Socket Stream -> Flat Map (1/1) (d05f058423bb57e96de2767070fe53b6).
2017-05-09 10:20:17,477 INFO  org.apache.flink.runtime.taskmanager.Task                     - Source: Socket Stream -> Flat Map (1/1) (d05f058423bb57e96de2767070fe53b6) switched from RUNNING to CANCELING.
2017-05-09 10:20:17,478 INFO  org.apache.flink.runtime.executiongraph.ExecutionGraph        - TriggerWindow(SlidingProcessingTimeWindows(5000, 1000), ReducingStateDescriptor{serializer=org.apache.flink.api.java.typeutils.runtime.PojoSerializer@19a34d11, reduceFunction=SocketWindowWordCount$1@62eb80c3}, ProcessingTimeTrigger(), WindowedStream.reduce(WindowedStream.java:276)) -> Sink: Unnamed (1/1) (d84073ce40463edd5948b9a2d81769e5) switched from RUNNING to CANCELING.
2017-05-09 10:20:17,490 INFO  org.apache.flink.runtime.taskmanager.Task                     - Triggering cancellation of task code Source: Socket Stream -> Flat Map (1/1) (d05f058423bb57e96de2767070fe53b6).
2017-05-09 10:20:17,494 INFO  org.apache.flink.runtime.taskmanager.Task                     - Attempting to cancel task TriggerWindow(SlidingProcessingTimeWindows(5000, 1000), ReducingStateDescriptor{serializer=org.apache.flink.api.java.typeutils.runtime.PojoSerializer@19a34d11, reduceFunction=SocketWindowWordCount$1@62eb80c3}, ProcessingTimeTrigger(), WindowedStream.reduce(WindowedStream.java:276)) -> Sink: Unnamed (1/1) (d84073ce40463edd5948b9a2d81769e5).
2017-05-09 10:20:17,495 INFO  org.apache.flink.runtime.taskmanager.Task                     - TriggerWindow(SlidingProcessingTimeWindows(5000, 1000), ReducingStateDescriptor{serializer=org.apache.flink.api.java.typeutils.runtime.PojoSerializer@19a34d11, reduceFunction=SocketWindowWordCount$1@62eb80c3}, ProcessingTimeTrigger(), WindowedStream.reduce(WindowedStream.java:276)) -> Sink: Unnamed (1/1) (d84073ce40463edd5948b9a2d81769e5) switched from RUNNING to CANCELING.
2017-05-09 10:20:17,497 INFO  org.apache.flink.runtime.taskmanager.Task                     - Triggering cancellation of task code TriggerWindow(SlidingProcessingTimeWindows(5000, 1000), ReducingStateDescriptor{serializer=org.apache.flink.api.java.typeutils.runtime.PojoSerializer@19a34d11, reduceFunction=SocketWindowWordCount$1@62eb80c3}, ProcessingTimeTrigger(), WindowedStream.reduce(WindowedStream.java:276)) -> Sink: Unnamed (1/1) (d84073ce40463edd5948b9a2d81769e5).
2017-05-09 10:20:17,506 INFO  org.apache.flink.runtime.taskmanager.Task                     - TriggerWindow(SlidingProcessingTimeWindows(5000, 1000), ReducingStateDescriptor{serializer=org.apache.flink.api.java.typeutils.runtime.PojoSerializer@19a34d11, reduceFunction=SocketWindowWordCount$1@62eb80c3}, ProcessingTimeTrigger(), WindowedStream.reduce(WindowedStream.java:276)) -> Sink: Unnamed (1/1) (d84073ce40463edd5948b9a2d81769e5) switched from CANCELING to CANCELED.
2017-05-09 10:20:17,506 INFO  org.apache.flink.runtime.taskmanager.Task                     - Source: Socket Stream -> Flat Map (1/1) (d05f058423bb57e96de2767070fe53b6) switched from CANCELING to CANCELED.
2017-05-09 10:20:17,507 INFO  org.apache.flink.runtime.taskmanager.Task                     - Freeing task resources for TriggerWindow(SlidingProcessingTimeWindows(5000, 1000), ReducingStateDescriptor{serializer=org.apache.flink.api.java.typeutils.runtime.PojoSerializer@19a34d11, reduceFunction=SocketWindowWordCount$1@62eb80c3}, ProcessingTimeTrigger(), WindowedStream.reduce(WindowedStream.java:276)) -> Sink: Unnamed (1/1) (d84073ce40463edd5948b9a2d81769e5).
2017-05-09 10:20:17,507 INFO  org.apache.flink.runtime.taskmanager.Task                     - Freeing task resources for Source: Socket Stream -> Flat Map (1/1) (d05f058423bb57e96de2767070fe53b6).
2017-05-09 10:20:17,520 INFO  org.apache.flink.runtime.taskmanager.Task                     - Ensuring all FileSystem streams are closed for task TriggerWindow(SlidingProcessingTimeWindows(5000, 1000), ReducingStateDescriptor{serializer=org.apache.flink.api.java.typeutils.runtime.PojoSerializer@19a34d11, reduceFunction=SocketWindowWordCount$1@62eb80c3}, ProcessingTimeTrigger(), WindowedStream.reduce(WindowedStream.java:276)) -> Sink: Unnamed (1/1) (d84073ce40463edd5948b9a2d81769e5) [CANCELED]
2017-05-09 10:20:17,520 INFO  org.apache.flink.runtime.taskmanager.Task                     - Ensuring all FileSystem streams are closed for task Source: Socket Stream -> Flat Map (1/1) (d05f058423bb57e96de2767070fe53b6) [CANCELED]
2017-05-09 10:20:17,521 INFO  org.apache.flink.runtime.taskmanager.TaskManager              - Un-registering task and sending final execution state CANCELED to JobManager for task Source: Socket Stream -> Flat Map (d05f058423bb57e96de2767070fe53b6)
2017-05-09 10:20:17,522 INFO  org.apache.flink.runtime.taskmanager.TaskManager              - Un-registering task and sending final execution state CANCELED to JobManager for task TriggerWindow(SlidingProcessingTimeWindows(5000, 1000), ReducingStateDescriptor{serializer=org.apache.flink.api.java.typeutils.runtime.PojoSerializer@19a34d11, reduceFunction=SocketWindowWordCount$1@62eb80c3}, ProcessingTimeTrigger(), WindowedStream.reduce(WindowedStream.java:276)) -> Sink: Unnamed (d84073ce40463edd5948b9a2d81769e5)
2017-05-09 10:20:17,522 INFO  org.apache.flink.runtime.executiongraph.ExecutionGraph        - Source: Socket Stream -> Flat Map (1/1) (d05f058423bb57e96de2767070fe53b6) switched from CANCELING to CANCELED.
2017-05-09 10:20:17,522 INFO  org.apache.flink.runtime.executiongraph.ExecutionGraph        - TriggerWindow(SlidingProcessingTimeWindows(5000, 1000), ReducingStateDescriptor{serializer=org.apache.flink.api.java.typeutils.runtime.PojoSerializer@19a34d11, reduceFunction=SocketWindowWordCount$1@62eb80c3}, ProcessingTimeTrigger(), WindowedStream.reduce(WindowedStream.java:276)) -> Sink: Unnamed (1/1) (d84073ce40463edd5948b9a2d81769e5) switched from CANCELING to CANCELED.
2017-05-09 10:20:17,523 INFO  org.apache.flink.runtime.executiongraph.ExecutionGraph        - Job Socket Window WordCount (829fe8b4008b3886fdbaddec7e55af10) switched from state CANCELLING to CANCELED.
2017-05-09 10:20:17,523 INFO  org.apache.flink.runtime.checkpoint.CheckpointCoordinator     - Stopping checkpoint coordinator for job 829fe8b4008b3886fdbaddec7e55af10
2017-05-09 10:20:17,523 INFO  org.apache.flink.runtime.checkpoint.StandaloneCompletedCheckpointStore  - Shutting down
